  [1m[36m (1.2ms)[0m  [1mCREATE TABLE "schema_migrations" ("version" varchar NOT NULL) [0m
  [1m[35m (0.0ms)[0m  select sqlite_version(*)
  [1m[36m (1.0ms)[0m  [1mCREATE UNIQUE INDEX "unique_schema_migrations" ON "schema_migrations" ("version")[0m
  [1m[35mActiveRecord::SchemaMigration Load (0.1ms)[0m  SELECT "schema_migrations".* FROM "schema_migrations"
  [1m[36mActiveRecord::SchemaMigration Load (0.1ms)[0m  [1mSELECT "schema_migrations".* FROM "schema_migrations"[0m
Migrating to CreatePosts (20151230232412)
  [1m[35m (0.1ms)[0m  begin transaction
  [1m[36m (0.4ms)[0m  [1mCREATE TABLE "posts" ("id" INTEGER PRIMARY KEY AUTOINCREMENT NOT NULL, "title" varchar, "description" text, "created_at" datetime NOT NULL, "updated_at" datetime NOT NULL) [0m
  [1m[35mSQL (0.2ms)[0m  INSERT INTO "schema_migrations" ("version") VALUES (?)  [["version", "20151230232412"]]
  [1m[36m (1.3ms)[0m  [1mcommit transaction[0m
  [1m[35mActiveRecord::SchemaMigration Load (0.1ms)[0m  SELECT "schema_migrations".* FROM "schema_migrations"


Started GET "/posts/new" for ::1 at 2015-12-30 20:30:31 -0600
  [1m[36mActiveRecord::SchemaMigration Load (0.1ms)[0m  [1mSELECT "schema_migrations".* FROM "schema_migrations"[0m
Processing by PostsController#new as HTML
  Rendered posts/new.html.erb within layouts/application (2.7ms)
Completed 200 OK in 393ms (Views: 383.8ms | ActiveRecord: 0.0ms)


Started POST "/posts" for ::1 at 2015-12-30 20:30:37 -0600
Processing by PostsController#create as HTML
  Parameters: {"utf8"=>"✓", "authenticity_token"=>"Hjp1RiR9ya6iFqkxVbwpk4S8rTowSYfUHBxQZzKCrcwuqlFxP2gFlrxGWRZYDnx9U/sdURHTMwpX6/wSjx76KQ==", "title"=>"Rails Introduction Quiz", "description"=>"asdfasd", "commit"=>"Submit Post"}
Redirected to http://localhost:3000/posts/new
Completed 302 Found in 1ms (ActiveRecord: 0.0ms)


Started GET "/posts/new" for ::1 at 2015-12-30 20:30:37 -0600
Processing by PostsController#new as HTML
  Rendered posts/new.html.erb within layouts/application (0.4ms)
Completed 200 OK in 10ms (Views: 9.0ms | ActiveRecord: 0.0ms)


Started GET "/posts/new?someting=asdafdas" for ::1 at 2015-12-30 20:33:34 -0600
Processing by PostsController#new as HTML
  Parameters: {"someting"=>"asdafdas"}
  Rendered posts/new.html.erb within layouts/application (0.3ms)
Completed 200 OK in 9ms (Views: 8.1ms | ActiveRecord: 0.0ms)


Started GET "/posts/new?someting=asdafdas" for ::1 at 2015-12-30 20:40:29 -0600
Processing by PostsController#new as HTML
  Parameters: {"someting"=>"asdafdas"}
  Rendered posts/new.html.erb within layouts/application (0.4ms)
Completed 200 OK in 10ms (Views: 9.6ms | ActiveRecord: 0.0ms)


Started GET "/assets/application.self-e80e8f2318043e8af94dddc2adad5a4f09739a8ebb323b3ab31cd71d45fd9113.css?body=1" for ::1 at 2015-12-30 20:40:29 -0600


Started GET "/assets/jquery_ujs.self-d456baa54c1fa6be2ec3711f0a72ddf7a5b2f34a6b4f515f33767d6207b7d4b3.js?body=1" for ::1 at 2015-12-30 20:40:29 -0600


Started GET "/assets/jquery.self-a714331225dda820228db323939889f149aec0127aeb06255646b616ba1ca419.js?body=1" for ::1 at 2015-12-30 20:40:29 -0600


Started GET "/assets/application.self-3b8dabdc891efe46b9a144b400ad69e37d7e5876bdc39dee783419a69d7ca819.js?body=1" for ::1 at 2015-12-30 20:40:29 -0600


Started GET "/assets/turbolinks.self-c37727e9bd6b2735da5c311aa83fead54ed0be6cc8bd9a65309e9c5abe2cbfff.js?body=1" for ::1 at 2015-12-30 20:40:29 -0600


Started GET "/posts/new" for ::1 at 2015-12-30 20:40:37 -0600
Processing by PostsController#new as HTML
  Rendered posts/new.html.erb within layouts/application (0.4ms)
Completed 200 OK in 10ms (Views: 9.3ms | ActiveRecord: 0.0ms)


Started POST "/posts" for ::1 at 2015-12-30 20:40:55 -0600
Processing by PostsController#create as HTML
  Parameters: {"utf8"=>"✓", "authenticity_token"=>"8wEmAU4QXBwNFcOKOvFNuQeQp8Yq4xHFehAkMFbvryDDkQI2VQWQJBNFM603QxhX0NcXrQt5pRsx54hF63P4xQ==", "title"=>"Rails Introduction Quiz", "description"=>"asdfasdfasd", "commit"=>"Submit Post"}
Redirected to http://localhost:3000/posts/new
Completed 302 Found in 1ms (ActiveRecord: 0.0ms)


Started GET "/posts/new" for ::1 at 2015-12-30 20:40:55 -0600
Processing by PostsController#new as HTML
  Rendered posts/new.html.erb within layouts/application (0.3ms)
Completed 200 OK in 8ms (Views: 6.9ms | ActiveRecord: 0.0ms)


Started GET "/posts/new" for ::1 at 2015-12-30 20:41:09 -0600
Processing by PostsController#new as HTML
  Rendered posts/new.html.erb within layouts/application (0.4ms)
Completed 200 OK in 10ms (Views: 8.9ms | ActiveRecord: 0.0ms)


Started GET "/assets/application.self-e80e8f2318043e8af94dddc2adad5a4f09739a8ebb323b3ab31cd71d45fd9113.css?body=1" for ::1 at 2015-12-30 20:41:09 -0600


Started GET "/assets/turbolinks.self-c37727e9bd6b2735da5c311aa83fead54ed0be6cc8bd9a65309e9c5abe2cbfff.js?body=1" for ::1 at 2015-12-30 20:41:09 -0600


Started GET "/assets/jquery_ujs.self-d456baa54c1fa6be2ec3711f0a72ddf7a5b2f34a6b4f515f33767d6207b7d4b3.js?body=1" for ::1 at 2015-12-30 20:41:09 -0600


Started GET "/assets/jquery.self-a714331225dda820228db323939889f149aec0127aeb06255646b616ba1ca419.js?body=1" for ::1 at 2015-12-30 20:41:09 -0600


Started GET "/assets/application.self-3b8dabdc891efe46b9a144b400ad69e37d7e5876bdc39dee783419a69d7ca819.js?body=1" for ::1 at 2015-12-30 20:41:09 -0600


Started POST "/posts" for ::1 at 2015-12-30 20:41:12 -0600
Processing by PostsController#create as HTML
  Parameters: {"utf8"=>"✓", "authenticity_token"=>"wM0kUAuTuVVs64yO9C+2FgVExLWEkXYBL4fHjMvdHb/wXQBnEIZ1bXK7fKn5neP40gN03qULwt9kcGv5dkFKWg==", "title"=>"Rails Introduction Quiz", "description"=>"asdf", "commit"=>"Submit Post"}
Redirected to http://localhost:3000/posts/new?post%5Baction%5D=create&post%5Bauthenticity_token%5D=wM0kUAuTuVVs64yO9C%2B2FgVExLWEkXYBL4fHjMvdHb%2FwXQBnEIZ1bXK7fKn5neP40gN03qULwt9kcGv5dkFKWg%3D%3D&post%5Bcommit%5D=Submit+Post&post%5Bcontroller%5D=posts&post%5Bdescription%5D=asdf&post%5Btitle%5D=Rails+Introduction+Quiz&post%5Butf8%5D=%E2%9C%93
Completed 302 Found in 1ms (ActiveRecord: 0.0ms)


Started GET "/posts/new?post%5Baction%5D=create&post%5Bauthenticity_token%5D=wM0kUAuTuVVs64yO9C%2B2FgVExLWEkXYBL4fHjMvdHb%2FwXQBnEIZ1bXK7fKn5neP40gN03qULwt9kcGv5dkFKWg%3D%3D&post%5Bcommit%5D=Submit+Post&post%5Bcontroller%5D=posts&post%5Bdescription%5D=asdf&post%5Btitle%5D=Rails+Introduction+Quiz&post%5Butf8%5D=%E2%9C%93" for ::1 at 2015-12-30 20:41:12 -0600
Processing by PostsController#new as HTML
  Parameters: {"post"=>{"action"=>"create", "authenticity_token"=>"wM0kUAuTuVVs64yO9C+2FgVExLWEkXYBL4fHjMvdHb/wXQBnEIZ1bXK7fKn5neP40gN03qULwt9kcGv5dkFKWg==", "commit"=>"Submit Post", "controller"=>"posts", "description"=>"asdf", "title"=>"Rails Introduction Quiz", "utf8"=>"✓"}}
  Rendered posts/new.html.erb within layouts/application (0.3ms)
Completed 200 OK in 8ms (Views: 7.2ms | ActiveRecord: 0.0ms)


Started GET "/new" for 127.0.0.1 at 2019-02-01 13:47:37 +0000
  [1m[36mActiveRecord::SchemaMigration Load (0.1ms)[0m  [1mSELECT "schema_migrations".* FROM "schema_migrations"[0m

ActionController::RoutingError (No route matches [GET] "/new"):
  actionpack (4.2.10) lib/action_dispatch/middleware/debug_exceptions.rb:21:in `call'
  actionpack (4.2.10) lib/action_dispatch/middleware/show_exceptions.rb:30:in `call'
  railties (4.2.10) lib/rails/rack/logger.rb:38:in `call_app'
  railties (4.2.10) lib/rails/rack/logger.rb:20:in `block in call'
  activesupport (4.2.10) lib/active_support/tagged_logging.rb:68:in `block in tagged'
  activesupport (4.2.10) lib/active_support/tagged_logging.rb:26:in `tagged'
  activesupport (4.2.10) lib/active_support/tagged_logging.rb:68:in `tagged'
  railties (4.2.10) lib/rails/rack/logger.rb:20:in `call'
  actionpack (4.2.10) lib/action_dispatch/middleware/request_id.rb:21:in `call'
  rack (1.6.10) lib/rack/methodoverride.rb:22:in `call'
  rack (1.6.10) lib/rack/runtime.rb:18:in `call'
  activesupport (4.2.10) lib/active_support/cache/strategy/local_cache_middleware.rb:28:in `call'
  rack (1.6.10) lib/rack/lock.rb:17:in `call'
  actionpack (4.2.10) lib/action_dispatch/middleware/static.rb:120:in `call'
  rack (1.6.10) lib/rack/sendfile.rb:113:in `call'
  railties (4.2.10) lib/rails/engine.rb:518:in `call'
  railties (4.2.10) lib/rails/application.rb:165:in `call'
  rack (1.6.10) lib/rack/lock.rb:17:in `call'
  rack (1.6.10) lib/rack/content_length.rb:15:in `call'
  rack (1.6.10) lib/rack/handler/webrick.rb:88:in `service'
  /Users/jake/.rvm/rubies/ruby-2.5.3/lib/ruby/2.5.0/webrick/httpserver.rb:140:in `service'
  /Users/jake/.rvm/rubies/ruby-2.5.3/lib/ruby/2.5.0/webrick/httpserver.rb:96:in `run'
  /Users/jake/.rvm/rubies/ruby-2.5.3/lib/ruby/2.5.0/webrick/server.rb:307:in `block in start_thread'


  Rendered /Users/jake/.rvm/gems/ruby-2.5.3/gems/actionpack-4.2.10/lib/action_dispatch/middleware/templates/rescues/_trace.html.erb (1.3ms)
  Rendered /Users/jake/.rvm/gems/ruby-2.5.3/gems/actionpack-4.2.10/lib/action_dispatch/middleware/templates/routes/_route.html.erb (1.3ms)
  Rendered /Users/jake/.rvm/gems/ruby-2.5.3/gems/actionpack-4.2.10/lib/action_dispatch/middleware/templates/routes/_table.html.erb (10.6ms)
  Rendered /Users/jake/.rvm/gems/ruby-2.5.3/gems/actionpack-4.2.10/lib/action_dispatch/middleware/templates/rescues/_request_and_response.html.erb (21.1ms)
  Rendered /Users/jake/.rvm/gems/ruby-2.5.3/gems/actionpack-4.2.10/lib/action_dispatch/middleware/templates/rescues/routing_error.html.erb within rescues/layout (195.9ms)


Started GET "/posts" for 127.0.0.1 at 2019-02-01 13:49:38 +0000
Processing by PostsController#index as HTML
  [1m[35mPost Load (0.5ms)[0m  SELECT "posts".* FROM "posts"
  Rendered posts/index.html.erb within layouts/application (2.1ms)
Completed 200 OK in 465ms (Views: 462.4ms | ActiveRecord: 0.6ms)


Started GET "/assets/turbolinks.self-569ee74eaa15c1e2019317ff770b8769b1ec033a0f572a485f64c82ddc8f989e.js?body=1" for 127.0.0.1 at 2019-02-01 13:49:39 +0000


Started GET "/posts/new" for 127.0.0.1 at 2019-02-01 13:49:51 +0000
Processing by PostsController#new as HTML
  Rendered posts/new.html.erb within layouts/application (0.9ms)
Completed 200 OK in 32ms (Views: 31.2ms | ActiveRecord: 0.0ms)


Started GET "/posts/new" for 127.0.0.1 at 2019-02-01 13:50:15 +0000
Processing by PostsController#new as HTML
  Rendered posts/new.html.erb within layouts/application (4.4ms)
Completed 500 Internal Server Error in 14ms (ActiveRecord: 0.0ms)

SyntaxError (/Users/jake/Library/Mobile Documents/com~apple~CloudDocs/Development/Flatiron/rails-form_tag-readme-london-web-career-010719/app/views/posts/new.html.erb:4: syntax error, unexpected '<'
<label>Post title:</label><br>
^
/Users/jake/Library/Mobile Documents/com~apple~CloudDocs/Development/Flatiron/rails-form_tag-readme-london-web-career-010719/app/views/posts/new.html.erb:4: syntax error, unexpected tLABEL, expecting keyword_do or '{' or '('
<label>Post title:</label><br>
            ^~~~~~
/Users/jake/Library/Mobile Documents/com~apple~CloudDocs/Development/Flatiron/rails-form_tag-readme-london-web-career-010719/app/views/posts/new.html.erb:7: unknown regexp options - labl
/Users/jake/Library/Mobile Documents/com~apple~CloudDocs/Development/Flatiron/rails-form_tag-readme-london-web-career-010719/app/views/posts/new.html.erb:7: unmatched close parenthesis: /label><br>
<input> type="text" id="post_title" name="post[title]"><br>);@output_buffer.safe_append='

<label>Post description:</
/Users/jake/Library/Mobile Documents/com~apple~CloudDocs/Development/Flatiron/rails-form_tag-readme-london-web-career-010719/app/views/posts/new.html.erb:7: syntax error, unexpected '<'
...abel>Post description:</label><br>
...                              ^
/Users/jake/Library/Mobile Documents/com~apple~CloudDocs/Development/Flatiron/rails-form_tag-readme-london-web-career-010719/app/views/posts/new.html.erb:8: syntax error, unexpected tIDENTIFIER, expecting keyword_end
...area id="post_description" name="post[description]"></textar...
...                           ^~~~
/Users/jake/Library/Mobile Documents/com~apple~CloudDocs/Development/Flatiron/rails-form_tag-readme-london-web-career-010719/app/views/posts/new.html.erb:8: syntax error, unexpected '<'
...ion" name="post[description]"></textarea><br>
...                              ^
/Users/jake/Library/Mobile Documents/com~apple~CloudDocs/Development/Flatiron/rails-form_tag-readme-london-web-career-010719/app/views/posts/new.html.erb:19: unterminated regexp meets end of file
          end
             ^
/Users/jake/Library/Mobile Documents/com~apple~CloudDocs/Development/Flatiron/rails-form_tag-readme-london-web-career-010719/app/views/posts/new.html.erb:19: syntax error, unexpected end-of-input, expecting ')'
          end
             ^):
  app/views/posts/new.html.erb:4: syntax error, unexpected '<'
  app/views/posts/new.html.erb:4: syntax error, unexpected tLABEL, expecting keyword_do or '{' or '('
  app/views/posts/new.html.erb:7: unknown regexp options - labl
  app/views/posts/new.html.erb:7: unmatched close parenthesis: /label><br>
  app/views/posts/new.html.erb:7: syntax error, unexpected '<'
  app/views/posts/new.html.erb:8: syntax error, unexpected tIDENTIFIER, expecting keyword_end
  app/views/posts/new.html.erb:8: syntax error, unexpected '<'
  app/views/posts/new.html.erb:19: unterminated regexp meets end of file
  app/views/posts/new.html.erb:19: syntax error, unexpected end-of-input, expecting ')'




Started GET "/posts/new" for 127.0.0.1 at 2019-02-01 13:50:25 +0000
Processing by PostsController#new as HTML
  Rendered posts/new.html.erb within layouts/application (2.1ms)
Completed 500 Internal Server Error in 18ms (ActiveRecord: 0.0ms)

SyntaxError (/Users/jake/Library/Mobile Documents/com~apple~CloudDocs/Development/Flatiron/rails-form_tag-readme-london-web-career-010719/app/views/posts/new.html.erb:4: syntax error, unexpected '<'
<label>Post title:</label><br>
^
/Users/jake/Library/Mobile Documents/com~apple~CloudDocs/Development/Flatiron/rails-form_tag-readme-london-web-career-010719/app/views/posts/new.html.erb:4: syntax error, unexpected tLABEL, expecting keyword_do or '{' or '('
<label>Post title:</label><br>
            ^~~~~~
/Users/jake/Library/Mobile Documents/com~apple~CloudDocs/Development/Flatiron/rails-form_tag-readme-london-web-career-010719/app/views/posts/new.html.erb:7: unknown regexp options - labl
/Users/jake/Library/Mobile Documents/com~apple~CloudDocs/Development/Flatiron/rails-form_tag-readme-london-web-career-010719/app/views/posts/new.html.erb:7: unmatched close parenthesis: /label><br>
<input> type="text" id="post_title" name="post[title]">);@output_buffer.safe_append='<br>

<label>Post description:</
/Users/jake/Library/Mobile Documents/com~apple~CloudDocs/Development/Flatiron/rails-form_tag-readme-london-web-career-010719/app/views/posts/new.html.erb:7: syntax error, unexpected '<'
...abel>Post description:</label><br>
...                              ^
/Users/jake/Library/Mobile Documents/com~apple~CloudDocs/Development/Flatiron/rails-form_tag-readme-london-web-career-010719/app/views/posts/new.html.erb:8: syntax error, unexpected tIDENTIFIER, expecting keyword_end
...area id="post_description" name="post[description]"></textar...
...                           ^~~~
/Users/jake/Library/Mobile Documents/com~apple~CloudDocs/Development/Flatiron/rails-form_tag-readme-london-web-career-010719/app/views/posts/new.html.erb:8: syntax error, unexpected '<'
...ion" name="post[description]"></textarea><br>
...                              ^
/Users/jake/Library/Mobile Documents/com~apple~CloudDocs/Development/Flatiron/rails-form_tag-readme-london-web-career-010719/app/views/posts/new.html.erb:19: unterminated regexp meets end of file
          end
             ^
/Users/jake/Library/Mobile Documents/com~apple~CloudDocs/Development/Flatiron/rails-form_tag-readme-london-web-career-010719/app/views/posts/new.html.erb:19: syntax error, unexpected end-of-input, expecting ')'
          end
             ^):
  app/views/posts/new.html.erb:4: syntax error, unexpected '<'
  app/views/posts/new.html.erb:4: syntax error, unexpected tLABEL, expecting keyword_do or '{' or '('
  app/views/posts/new.html.erb:7: unknown regexp options - labl
  app/views/posts/new.html.erb:7: unmatched close parenthesis: /label><br>
  app/views/posts/new.html.erb:7: syntax error, unexpected '<'
  app/views/posts/new.html.erb:8: syntax error, unexpected tIDENTIFIER, expecting keyword_end
  app/views/posts/new.html.erb:8: syntax error, unexpected '<'
  app/views/posts/new.html.erb:19: unterminated regexp meets end of file
  app/views/posts/new.html.erb:19: syntax error, unexpected end-of-input, expecting ')'




Started GET "/posts/new" for 127.0.0.1 at 2019-02-01 13:50:26 +0000
Processing by PostsController#new as HTML
  Rendered posts/new.html.erb within layouts/application (0.7ms)
Completed 500 Internal Server Error in 11ms (ActiveRecord: 0.0ms)

SyntaxError (/Users/jake/Library/Mobile Documents/com~apple~CloudDocs/Development/Flatiron/rails-form_tag-readme-london-web-career-010719/app/views/posts/new.html.erb:4: syntax error, unexpected '<'
<label>Post title:</label><br>
^
/Users/jake/Library/Mobile Documents/com~apple~CloudDocs/Development/Flatiron/rails-form_tag-readme-london-web-career-010719/app/views/posts/new.html.erb:4: syntax error, unexpected tLABEL, expecting keyword_do or '{' or '('
<label>Post title:</label><br>
            ^~~~~~
/Users/jake/Library/Mobile Documents/com~apple~CloudDocs/Development/Flatiron/rails-form_tag-readme-london-web-career-010719/app/views/posts/new.html.erb:7: unknown regexp options - labl
/Users/jake/Library/Mobile Documents/com~apple~CloudDocs/Development/Flatiron/rails-form_tag-readme-london-web-career-010719/app/views/posts/new.html.erb:7: unmatched close parenthesis: /label><br>
<input> type="text" id="post_title" name="post[title]">);@output_buffer.safe_append='<br>

<label>Post description:</
/Users/jake/Library/Mobile Documents/com~apple~CloudDocs/Development/Flatiron/rails-form_tag-readme-london-web-career-010719/app/views/posts/new.html.erb:7: syntax error, unexpected '<'
...abel>Post description:</label><br>
...                              ^
/Users/jake/Library/Mobile Documents/com~apple~CloudDocs/Development/Flatiron/rails-form_tag-readme-london-web-career-010719/app/views/posts/new.html.erb:8: syntax error, unexpected tIDENTIFIER, expecting keyword_end
...area id="post_description" name="post[description]"></textar...
...                           ^~~~
/Users/jake/Library/Mobile Documents/com~apple~CloudDocs/Development/Flatiron/rails-form_tag-readme-london-web-career-010719/app/views/posts/new.html.erb:8: syntax error, unexpected '<'
...ion" name="post[description]"></textarea><br>
...                              ^
/Users/jake/Library/Mobile Documents/com~apple~CloudDocs/Development/Flatiron/rails-form_tag-readme-london-web-career-010719/app/views/posts/new.html.erb:19: unterminated regexp meets end of file
          end
             ^
/Users/jake/Library/Mobile Documents/com~apple~CloudDocs/Development/Flatiron/rails-form_tag-readme-london-web-career-010719/app/views/posts/new.html.erb:19: syntax error, unexpected end-of-input, expecting ')'
          end
             ^):
  app/views/posts/new.html.erb:4: syntax error, unexpected '<'
  app/views/posts/new.html.erb:4: syntax error, unexpected tLABEL, expecting keyword_do or '{' or '('
  app/views/posts/new.html.erb:7: unknown regexp options - labl
  app/views/posts/new.html.erb:7: unmatched close parenthesis: /label><br>
  app/views/posts/new.html.erb:7: syntax error, unexpected '<'
  app/views/posts/new.html.erb:8: syntax error, unexpected tIDENTIFIER, expecting keyword_end
  app/views/posts/new.html.erb:8: syntax error, unexpected '<'
  app/views/posts/new.html.erb:19: unterminated regexp meets end of file
  app/views/posts/new.html.erb:19: syntax error, unexpected end-of-input, expecting ')'




Started GET "/posts/new" for 127.0.0.1 at 2019-02-01 13:50:56 +0000
Processing by PostsController#new as HTML
  Rendered posts/new.html.erb within layouts/application (0.8ms)
Completed 200 OK in 30ms (Views: 29.7ms | ActiveRecord: 0.0ms)


Started GET "/posts/new" for 127.0.0.1 at 2019-02-01 13:51:30 +0000
Processing by PostsController#new as HTML
  Rendered posts/new.html.erb within layouts/application (0.6ms)
Completed 500 Internal Server Error in 11ms (ActiveRecord: 0.0ms)

SyntaxError (/Users/jake/Library/Mobile Documents/com~apple~CloudDocs/Development/Flatiron/rails-form_tag-readme-london-web-career-010719/app/views/posts/new.html.erb:19: syntax error, unexpected end-of-input, expecting keyword_end
          end
             ^):
  app/views/posts/new.html.erb:19: syntax error, unexpected end-of-input, expecting keyword_end


  Rendered /Users/jake/.rvm/gems/ruby-2.5.3/gems/actionpack-4.2.10/lib/action_dispatch/middleware/templates/rescues/_source.erb (5.7ms)
  Rendered /Users/jake/.rvm/gems/ruby-2.5.3/gems/actionpack-4.2.10/lib/action_dispatch/middleware/templates/rescues/_trace.html.erb (3.8ms)
  Rendered /Users/jake/.rvm/gems/ruby-2.5.3/gems/actionpack-4.2.10/lib/action_dispatch/middleware/templates/rescues/_request_and_response.html.erb (1.1ms)
  Rendered /Users/jake/.rvm/gems/ruby-2.5.3/gems/actionpack-4.2.10/lib/action_dispatch/middleware/templates/rescues/diagnostics.html.erb within rescues/layout (98.6ms)


Started GET "/posts/new" for 127.0.0.1 at 2019-02-01 13:51:49 +0000
Processing by PostsController#new as HTML
  Rendered posts/new.html.erb within layouts/application (0.8ms)
Completed 200 OK in 21ms (Views: 20.2ms | ActiveRecord: 0.0ms)


Started GET "/posts/new" for 127.0.0.1 at 2019-02-01 13:56:52 +0000
Processing by PostsController#new as HTML
  Rendered posts/new.html.erb within layouts/application (1.1ms)
Completed 200 OK in 29ms (Views: 28.4ms | ActiveRecord: 0.0ms)


Started GET "/posts/new" for 127.0.0.1 at 2019-02-01 13:56:59 +0000
Processing by PostsController#new as HTML
  Rendered posts/new.html.erb within layouts/application (1.3ms)
Completed 200 OK in 31ms (Views: 30.5ms | ActiveRecord: 0.0ms)


Started POST "/posts" for 127.0.0.1 at 2019-02-01 13:57:05 +0000
Processing by PostsController#create as HTML
  Parameters: {"utf8"=>"✓", "authenticity_token"=>"lQLNgyO6+xaMagGklqt07dURPuBbquwjtoBlrwgtPhDq26tP76pzfcm9C+2mNiX+Ua2th+1+E1DwWoDTS/4a5w==", "post_title"=>"asdfsf", "post_description"=>"asdfasdf"}
Completed 500 Internal Server Error in 25355ms (ActiveRecord: 0.0ms)

SystemExit (exit):
  app/controllers/posts_controller.rb:11:in `create'


  Rendered /Users/jake/.rvm/gems/ruby-2.5.3/gems/actionpack-4.2.10/lib/action_dispatch/middleware/templates/rescues/_source.erb (223.6ms)
  Rendered /Users/jake/.rvm/gems/ruby-2.5.3/gems/actionpack-4.2.10/lib/action_dispatch/middleware/templates/rescues/_trace.html.erb (69.2ms)
  Rendered /Users/jake/.rvm/gems/ruby-2.5.3/gems/actionpack-4.2.10/lib/action_dispatch/middleware/templates/rescues/_request_and_response.html.erb (9.9ms)
  Rendered /Users/jake/.rvm/gems/ruby-2.5.3/gems/actionpack-4.2.10/lib/action_dispatch/middleware/templates/rescues/diagnostics.html.erb within rescues/layout (418.1ms)


Started POST "/posts" for 127.0.0.1 at 2019-02-01 13:57:32 +0000
Processing by PostsController#create as HTML
  Parameters: {"utf8"=>"✓", "authenticity_token"=>"lQLNgyO6+xaMagGklqt07dURPuBbquwjtoBlrwgtPhDq26tP76pzfcm9C+2mNiX+Ua2th+1+E1DwWoDTS/4a5w==", "post_title"=>"asdfsf", "post_description"=>"asdfasdf"}
Completed 500 Internal Server Error in 12774ms (ActiveRecord: 0.0ms)

SystemExit (exit):
  app/controllers/posts_controller.rb:11:in `create'


  Rendered /Users/jake/.rvm/gems/ruby-2.5.3/gems/actionpack-4.2.10/lib/action_dispatch/middleware/templates/rescues/_source.erb (219.8ms)
  Rendered /Users/jake/.rvm/gems/ruby-2.5.3/gems/actionpack-4.2.10/lib/action_dispatch/middleware/templates/rescues/_trace.html.erb (57.0ms)
  Rendered /Users/jake/.rvm/gems/ruby-2.5.3/gems/actionpack-4.2.10/lib/action_dispatch/middleware/templates/rescues/_request_and_response.html.erb (5.3ms)
  Rendered /Users/jake/.rvm/gems/ruby-2.5.3/gems/actionpack-4.2.10/lib/action_dispatch/middleware/templates/rescues/diagnostics.html.erb within rescues/layout (393.2ms)


Started POST "/posts" for 127.0.0.1 at 2019-02-01 13:57:46 +0000
Processing by PostsController#create as HTML
  Parameters: {"utf8"=>"✓", "authenticity_token"=>"lQLNgyO6+xaMagGklqt07dURPuBbquwjtoBlrwgtPhDq26tP76pzfcm9C+2mNiX+Ua2th+1+E1DwWoDTS/4a5w==", "post_title"=>"asdfsf", "post_description"=>"asdfasdf"}
Completed 500 Internal Server Error in 42ms (ActiveRecord: 0.0ms)

NoMethodError (undefined method `[]' for nil:NilClass):
  app/controllers/posts_controller.rb:11:in `create'


  Rendered /Users/jake/.rvm/gems/ruby-2.5.3/gems/actionpack-4.2.10/lib/action_dispatch/middleware/templates/rescues/_source.erb (155.1ms)
  Rendered /Users/jake/.rvm/gems/ruby-2.5.3/gems/actionpack-4.2.10/lib/action_dispatch/middleware/templates/rescues/_trace.html.erb (49.2ms)
  Rendered /Users/jake/.rvm/gems/ruby-2.5.3/gems/actionpack-4.2.10/lib/action_dispatch/middleware/templates/rescues/_request_and_response.html.erb (5.7ms)
  Rendered /Users/jake/.rvm/gems/ruby-2.5.3/gems/actionpack-4.2.10/lib/action_dispatch/middleware/templates/rescues/diagnostics.html.erb within rescues/layout (309.1ms)


Started POST "/posts" for 127.0.0.1 at 2019-02-01 13:57:47 +0000
Processing by PostsController#create as HTML
  Parameters: {"utf8"=>"✓", "authenticity_token"=>"lQLNgyO6+xaMagGklqt07dURPuBbquwjtoBlrwgtPhDq26tP76pzfcm9C+2mNiX+Ua2th+1+E1DwWoDTS/4a5w==", "post_title"=>"asdfsf", "post_description"=>"asdfasdf"}
Completed 500 Internal Server Error in 52ms (ActiveRecord: 0.0ms)

NoMethodError (undefined method `[]' for nil:NilClass):
  app/controllers/posts_controller.rb:11:in `create'


  Rendered /Users/jake/.rvm/gems/ruby-2.5.3/gems/actionpack-4.2.10/lib/action_dispatch/middleware/templates/rescues/_source.erb (137.8ms)
  Rendered /Users/jake/.rvm/gems/ruby-2.5.3/gems/actionpack-4.2.10/lib/action_dispatch/middleware/templates/rescues/_trace.html.erb (42.0ms)
  Rendered /Users/jake/.rvm/gems/ruby-2.5.3/gems/actionpack-4.2.10/lib/action_dispatch/middleware/templates/rescues/_request_and_response.html.erb (5.0ms)
  Rendered /Users/jake/.rvm/gems/ruby-2.5.3/gems/actionpack-4.2.10/lib/action_dispatch/middleware/templates/rescues/diagnostics.html.erb within rescues/layout (283.6ms)


Started POST "/posts" for 127.0.0.1 at 2019-02-01 13:57:48 +0000
Processing by PostsController#create as HTML
  Parameters: {"utf8"=>"✓", "authenticity_token"=>"lQLNgyO6+xaMagGklqt07dURPuBbquwjtoBlrwgtPhDq26tP76pzfcm9C+2mNiX+Ua2th+1+E1DwWoDTS/4a5w==", "post_title"=>"asdfsf", "post_description"=>"asdfasdf"}
Completed 500 Internal Server Error in 51ms (ActiveRecord: 0.0ms)

NoMethodError (undefined method `[]' for nil:NilClass):
  app/controllers/posts_controller.rb:11:in `create'


  Rendered /Users/jake/.rvm/gems/ruby-2.5.3/gems/actionpack-4.2.10/lib/action_dispatch/middleware/templates/rescues/_source.erb (119.7ms)
  Rendered /Users/jake/.rvm/gems/ruby-2.5.3/gems/actionpack-4.2.10/lib/action_dispatch/middleware/templates/rescues/_trace.html.erb (37.5ms)
  Rendered /Users/jake/.rvm/gems/ruby-2.5.3/gems/actionpack-4.2.10/lib/action_dispatch/middleware/templates/rescues/_request_and_response.html.erb (3.9ms)
  Rendered /Users/jake/.rvm/gems/ruby-2.5.3/gems/actionpack-4.2.10/lib/action_dispatch/middleware/templates/rescues/diagnostics.html.erb within rescues/layout (255.9ms)


Started GET "/posts" for 127.0.0.1 at 2019-02-01 13:59:07 +0000
Processing by PostsController#index as HTML
  [1m[36mPost Load (0.6ms)[0m  [1mSELECT "posts".* FROM "posts"[0m
  Rendered posts/index.html.erb within layouts/application (16.8ms)
Completed 200 OK in 189ms (Views: 181.4ms | ActiveRecord: 1.2ms)


Started GET "/posts/new" for 127.0.0.1 at 2019-02-01 13:59:20 +0000
Processing by PostsController#new as HTML
  Rendered posts/new.html.erb within layouts/application (3.8ms)
Completed 200 OK in 183ms (Views: 178.8ms | ActiveRecord: 0.0ms)


Started POST "/posts" for 127.0.0.1 at 2019-02-01 13:59:23 +0000
Processing by PostsController#create as HTML
  Parameters: {"utf8"=>"✓", "authenticity_token"=>"TS55cXEq6HI5fNxIMt7RnSmGpdp8AXj/OiE359zjJnky9x+9vTpgGXyr1gECQ4COrTo2vcrVh4x8+9KbnzACjg==", "post_title"=>"sdfasdf", "post_description"=>"asdfa"}
Completed 500 Internal Server Error in 38ms (ActiveRecord: 0.0ms)

NoMethodError (undefined method `[]' for nil:NilClass):
  app/controllers/posts_controller.rb:11:in `create'


  Rendered /Users/jake/.rvm/gems/ruby-2.5.3/gems/actionpack-4.2.10/lib/action_dispatch/middleware/templates/rescues/_source.erb (106.3ms)
  Rendered /Users/jake/.rvm/gems/ruby-2.5.3/gems/actionpack-4.2.10/lib/action_dispatch/middleware/templates/rescues/_trace.html.erb (31.3ms)
  Rendered /Users/jake/.rvm/gems/ruby-2.5.3/gems/actionpack-4.2.10/lib/action_dispatch/middleware/templates/rescues/_request_and_response.html.erb (5.1ms)
  Rendered /Users/jake/.rvm/gems/ruby-2.5.3/gems/actionpack-4.2.10/lib/action_dispatch/middleware/templates/rescues/diagnostics.html.erb within rescues/layout (221.1ms)


Started GET "/posts" for 127.0.0.1 at 2019-02-01 14:00:15 +0000
Processing by PostsController#index as HTML
  [1m[35mPost Load (1.7ms)[0m  SELECT "posts".* FROM "posts"
  Rendered posts/index.html.erb within layouts/application (27.6ms)
Completed 200 OK in 199ms (Views: 181.2ms | ActiveRecord: 9.1ms)


Started POST "/posts" for 127.0.0.1 at 2019-02-01 14:00:21 +0000
Processing by PostsController#create as HTML
  Parameters: {"utf8"=>"✓", "authenticity_token"=>"TS55cXEq6HI5fNxIMt7RnSmGpdp8AXj/OiE359zjJnky9x+9vTpgGXyr1gECQ4COrTo2vcrVh4x8+9KbnzACjg==", "post_title"=>"sdfasdf", "post_description"=>"asdfa"}
Completed 500 Internal Server Error in 293868ms (ActiveRecord: 0.3ms)

SystemExit (exit):
  app/controllers/posts_controller.rb:11:in `create'


  Rendered /Users/jake/.rvm/gems/ruby-2.5.3/gems/actionpack-4.2.10/lib/action_dispatch/middleware/templates/rescues/_source.erb (217.3ms)
  Rendered /Users/jake/.rvm/gems/ruby-2.5.3/gems/actionpack-4.2.10/lib/action_dispatch/middleware/templates/rescues/_trace.html.erb (61.4ms)
  Rendered /Users/jake/.rvm/gems/ruby-2.5.3/gems/actionpack-4.2.10/lib/action_dispatch/middleware/templates/rescues/_request_and_response.html.erb (12.7ms)
  Rendered /Users/jake/.rvm/gems/ruby-2.5.3/gems/actionpack-4.2.10/lib/action_dispatch/middleware/templates/rescues/diagnostics.html.erb within rescues/layout (403.8ms)


Started POST "/posts" for 127.0.0.1 at 2019-02-01 14:05:17 +0000
Processing by PostsController#create as HTML
  Parameters: {"utf8"=>"✓", "authenticity_token"=>"TS55cXEq6HI5fNxIMt7RnSmGpdp8AXj/OiE359zjJnky9x+9vTpgGXyr1gECQ4COrTo2vcrVh4x8+9KbnzACjg==", "post_title"=>"sdfasdf", "post_description"=>"asdfa"}
Completed 500 Internal Server Error in 50ms (ActiveRecord: 0.0ms)

NoMethodError (undefined method `[]' for nil:NilClass):
  app/controllers/posts_controller.rb:11:in `create'


  Rendered /Users/jake/.rvm/gems/ruby-2.5.3/gems/actionpack-4.2.10/lib/action_dispatch/middleware/templates/rescues/_source.erb (167.3ms)
  Rendered /Users/jake/.rvm/gems/ruby-2.5.3/gems/actionpack-4.2.10/lib/action_dispatch/middleware/templates/rescues/_trace.html.erb (50.6ms)
  Rendered /Users/jake/.rvm/gems/ruby-2.5.3/gems/actionpack-4.2.10/lib/action_dispatch/middleware/templates/rescues/_request_and_response.html.erb (5.9ms)
  Rendered /Users/jake/.rvm/gems/ruby-2.5.3/gems/actionpack-4.2.10/lib/action_dispatch/middleware/templates/rescues/diagnostics.html.erb within rescues/layout (328.5ms)


Started POST "/posts" for 127.0.0.1 at 2019-02-01 14:05:18 +0000
Processing by PostsController#create as HTML
  Parameters: {"utf8"=>"✓", "authenticity_token"=>"TS55cXEq6HI5fNxIMt7RnSmGpdp8AXj/OiE359zjJnky9x+9vTpgGXyr1gECQ4COrTo2vcrVh4x8+9KbnzACjg==", "post_title"=>"sdfasdf", "post_description"=>"asdfa"}
Completed 500 Internal Server Error in 113ms (ActiveRecord: 0.0ms)

NoMethodError (undefined method `[]' for nil:NilClass):
  app/controllers/posts_controller.rb:11:in `create'


  Rendered /Users/jake/.rvm/gems/ruby-2.5.3/gems/actionpack-4.2.10/lib/action_dispatch/middleware/templates/rescues/_source.erb (152.3ms)
  Rendered /Users/jake/.rvm/gems/ruby-2.5.3/gems/actionpack-4.2.10/lib/action_dispatch/middleware/templates/rescues/_trace.html.erb (46.6ms)
  Rendered /Users/jake/.rvm/gems/ruby-2.5.3/gems/actionpack-4.2.10/lib/action_dispatch/middleware/templates/rescues/_request_and_response.html.erb (5.1ms)
  Rendered /Users/jake/.rvm/gems/ruby-2.5.3/gems/actionpack-4.2.10/lib/action_dispatch/middleware/templates/rescues/diagnostics.html.erb within rescues/layout (300.7ms)


Started POST "/posts" for 127.0.0.1 at 2019-02-01 14:05:19 +0000
Processing by PostsController#create as HTML
  Parameters: {"utf8"=>"✓", "authenticity_token"=>"TS55cXEq6HI5fNxIMt7RnSmGpdp8AXj/OiE359zjJnky9x+9vTpgGXyr1gECQ4COrTo2vcrVh4x8+9KbnzACjg==", "post_title"=>"sdfasdf", "post_description"=>"asdfa"}
Completed 500 Internal Server Error in 66ms (ActiveRecord: 0.0ms)

NoMethodError (undefined method `[]' for nil:NilClass):
  app/controllers/posts_controller.rb:11:in `create'


  Rendered /Users/jake/.rvm/gems/ruby-2.5.3/gems/actionpack-4.2.10/lib/action_dispatch/middleware/templates/rescues/_source.erb (138.2ms)
  Rendered /Users/jake/.rvm/gems/ruby-2.5.3/gems/actionpack-4.2.10/lib/action_dispatch/middleware/templates/rescues/_trace.html.erb (37.7ms)
  Rendered /Users/jake/.rvm/gems/ruby-2.5.3/gems/actionpack-4.2.10/lib/action_dispatch/middleware/templates/rescues/_request_and_response.html.erb (4.0ms)
  Rendered /Users/jake/.rvm/gems/ruby-2.5.3/gems/actionpack-4.2.10/lib/action_dispatch/middleware/templates/rescues/diagnostics.html.erb within rescues/layout (273.4ms)


Started GET "/posts/new" for 127.0.0.1 at 2019-02-01 14:05:50 +0000
Processing by PostsController#new as HTML
  Rendered posts/new.html.erb within layouts/application (3.3ms)
Completed 200 OK in 153ms (Views: 149.3ms | ActiveRecord: 0.0ms)


Started POST "/posts" for 127.0.0.1 at 2019-02-01 14:05:54 +0000
Processing by PostsController#create as HTML
  Parameters: {"utf8"=>"✓", "authenticity_token"=>"l74aIjRvxIV8c8L2Oi1Z9YRe/iGTsa44UdMAFMGv+gnoZ3zu+H9M7jmkyL8KsAjmAOJtRiVlUUsXCeVognze/g==", "post_title"=>"asdfas", "post_description"=>"asdfasdfasdf\r\n"}
Completed 500 Internal Server Error in 64ms (ActiveRecord: 0.0ms)

NoMethodError (undefined method `[]' for nil:NilClass):
  app/controllers/posts_controller.rb:11:in `create'


  Rendered /Users/jake/.rvm/gems/ruby-2.5.3/gems/actionpack-4.2.10/lib/action_dispatch/middleware/templates/rescues/_source.erb (132.7ms)
  Rendered /Users/jake/.rvm/gems/ruby-2.5.3/gems/actionpack-4.2.10/lib/action_dispatch/middleware/templates/rescues/_trace.html.erb (38.1ms)
  Rendered /Users/jake/.rvm/gems/ruby-2.5.3/gems/actionpack-4.2.10/lib/action_dispatch/middleware/templates/rescues/_request_and_response.html.erb (3.5ms)
  Rendered /Users/jake/.rvm/gems/ruby-2.5.3/gems/actionpack-4.2.10/lib/action_dispatch/middleware/templates/rescues/diagnostics.html.erb within rescues/layout (272.7ms)


Started GET "/posts" for 127.0.0.1 at 2019-02-01 14:07:46 +0000
Processing by PostsController#index as HTML
  [1m[36mPost Load (1.2ms)[0m  [1mSELECT "posts".* FROM "posts"[0m
  Rendered posts/index.html.erb within layouts/application (14.2ms)
Completed 200 OK in 177ms (Views: 162.8ms | ActiveRecord: 1.8ms)


Started GET "/posts/new" for 127.0.0.1 at 2019-02-01 14:07:56 +0000
Processing by PostsController#new as HTML
  Rendered posts/new.html.erb within layouts/application (7.1ms)
Completed 200 OK in 182ms (Views: 169.9ms | ActiveRecord: 0.0ms)


Started POST "/posts" for 127.0.0.1 at 2019-02-01 14:07:59 +0000
Processing by PostsController#create as HTML
  Parameters: {"utf8"=>"✓", "authenticity_token"=>"A8WCIEeHVlmj3Gw/+KZZc5tSMIQwEZai3VJn9VCRG7J8HOTsi5feMuYLZnbIOwhgH+6j44bFadGbiIKJE0I/RQ==", "post_title"=>"asdfasdf", "post_description"=>"asdfasdf"}
Completed 500 Internal Server Error in 51ms (ActiveRecord: 0.0ms)

NoMethodError (undefined method `[]' for nil:NilClass):
  app/controllers/posts_controller.rb:10:in `create'


  Rendered /Users/jake/.rvm/gems/ruby-2.5.3/gems/actionpack-4.2.10/lib/action_dispatch/middleware/templates/rescues/_source.erb (128.0ms)
  Rendered /Users/jake/.rvm/gems/ruby-2.5.3/gems/actionpack-4.2.10/lib/action_dispatch/middleware/templates/rescues/_trace.html.erb (39.4ms)
  Rendered /Users/jake/.rvm/gems/ruby-2.5.3/gems/actionpack-4.2.10/lib/action_dispatch/middleware/templates/rescues/_request_and_response.html.erb (6.3ms)
  Rendered /Users/jake/.rvm/gems/ruby-2.5.3/gems/actionpack-4.2.10/lib/action_dispatch/middleware/templates/rescues/diagnostics.html.erb within rescues/layout (283.2ms)


Started POST "/posts" for 127.0.0.1 at 2019-02-01 14:10:50 +0000
Processing by PostsController#create as HTML
  Parameters: {"utf8"=>"✓", "authenticity_token"=>"A8WCIEeHVlmj3Gw/+KZZc5tSMIQwEZai3VJn9VCRG7J8HOTsi5feMuYLZnbIOwhgH+6j44bFadGbiIKJE0I/RQ==", "post_title"=>"asdfasdf", "post_description"=>"asdfasdf"}
Completed 500 Internal Server Error in 37ms (ActiveRecord: 0.0ms)

NoMethodError (undefined method `[]' for nil:NilClass):
  app/controllers/posts_controller.rb:10:in `create'


  Rendered /Users/jake/.rvm/gems/ruby-2.5.3/gems/actionpack-4.2.10/lib/action_dispatch/middleware/templates/rescues/_source.erb (137.8ms)
  Rendered /Users/jake/.rvm/gems/ruby-2.5.3/gems/actionpack-4.2.10/lib/action_dispatch/middleware/templates/rescues/_trace.html.erb (32.7ms)
  Rendered /Users/jake/.rvm/gems/ruby-2.5.3/gems/actionpack-4.2.10/lib/action_dispatch/middleware/templates/rescues/_request_and_response.html.erb (4.0ms)
  Rendered /Users/jake/.rvm/gems/ruby-2.5.3/gems/actionpack-4.2.10/lib/action_dispatch/middleware/templates/rescues/diagnostics.html.erb within rescues/layout (284.1ms)


Started GET "/posts/new" for 127.0.0.1 at 2019-02-01 14:12:10 +0000
Processing by PostsController#new as HTML
  Rendered posts/new.html.erb within layouts/application (4.5ms)
Completed 200 OK in 155ms (Views: 150.0ms | ActiveRecord: 0.0ms)


Started POST "/posts" for 127.0.0.1 at 2019-02-01 14:12:15 +0000
Processing by PostsController#create as HTML
  Parameters: {"utf8"=>"✓", "authenticity_token"=>"eT1IVMzvZO0zXzhobv2uvUQhaUik8g2lScLMdNmacdsG5C6YAP/shnaIMiFeYP+uwJ36LxIm8tYPGCkImklVLA==", "post_title"=>"sdfa", "post_description"=>"asdfa"}
Completed 500 Internal Server Error in 215873ms (ActiveRecord: 0.0ms)

SystemExit (exit):
  app/controllers/posts_controller.rb:11:in `create'


  Rendered /Users/jake/.rvm/gems/ruby-2.5.3/gems/actionpack-4.2.10/lib/action_dispatch/middleware/templates/rescues/_source.erb (227.3ms)
  Rendered /Users/jake/.rvm/gems/ruby-2.5.3/gems/actionpack-4.2.10/lib/action_dispatch/middleware/templates/rescues/_trace.html.erb (48.7ms)
  Rendered /Users/jake/.rvm/gems/ruby-2.5.3/gems/actionpack-4.2.10/lib/action_dispatch/middleware/templates/rescues/_request_and_response.html.erb (4.3ms)
  Rendered /Users/jake/.rvm/gems/ruby-2.5.3/gems/actionpack-4.2.10/lib/action_dispatch/middleware/templates/rescues/diagnostics.html.erb within rescues/layout (410.9ms)


Started GET "/posts/new" for 127.0.0.1 at 2019-02-01 14:15:52 +0000

NoMethodError (undefined method `to_sym' for {:create=>"create"}:Hash
Did you mean?  to_s
               to_set):
  config/routes.rb:2:in `block in <top (required)>'
  config/routes.rb:1:in `<top (required)>'


  Rendered /Users/jake/.rvm/gems/ruby-2.5.3/gems/actionpack-4.2.10/lib/action_dispatch/middleware/templates/rescues/_source.erb (143.1ms)
  Rendered /Users/jake/.rvm/gems/ruby-2.5.3/gems/actionpack-4.2.10/lib/action_dispatch/middleware/templates/rescues/_trace.html.erb (31.7ms)
  Rendered /Users/jake/.rvm/gems/ruby-2.5.3/gems/actionpack-4.2.10/lib/action_dispatch/middleware/templates/rescues/_request_and_response.html.erb (4.6ms)
  Rendered /Users/jake/.rvm/gems/ruby-2.5.3/gems/actionpack-4.2.10/lib/action_dispatch/middleware/templates/rescues/diagnostics.html.erb within rescues/layout (289.3ms)


Started GET "/posts/new" for 127.0.0.1 at 2019-02-01 14:18:23 +0000
Processing by PostsController#new as HTML
  Rendered posts/new.html.erb within layouts/application (7.4ms)
Completed 200 OK in 149ms (Views: 145.6ms | ActiveRecord: 0.0ms)


Started POST "/posts" for 127.0.0.1 at 2019-02-01 14:18:27 +0000
Processing by PostsController#create as HTML
  Parameters: {"utf8"=>"✓", "authenticity_token"=>"7H2ZxKiSKOxcMwpwJj/9k6dnr+mzFiOGIjNR14qLr1GTpP8IZIKghxnkADkWoqyAI9s8jgXC3PVk6bSryViLpg==", "post_title"=>"asdf", "post_description"=>"asdf"}
Completed 500 Internal Server Error in 44ms (ActiveRecord: 0.0ms)

NoMethodError (undefined method `[]' for nil:NilClass):
  app/controllers/posts_controller.rb:11:in `create'


  Rendered /Users/jake/.rvm/gems/ruby-2.5.3/gems/actionpack-4.2.10/lib/action_dispatch/middleware/templates/rescues/_source.erb (127.3ms)
  Rendered /Users/jake/.rvm/gems/ruby-2.5.3/gems/actionpack-4.2.10/lib/action_dispatch/middleware/templates/rescues/_trace.html.erb (38.2ms)
  Rendered /Users/jake/.rvm/gems/ruby-2.5.3/gems/actionpack-4.2.10/lib/action_dispatch/middleware/templates/rescues/_request_and_response.html.erb (3.8ms)
  Rendered /Users/jake/.rvm/gems/ruby-2.5.3/gems/actionpack-4.2.10/lib/action_dispatch/middleware/templates/rescues/diagnostics.html.erb within rescues/layout (265.8ms)


Started GET "/posts" for 127.0.0.1 at 2019-02-01 14:18:54 +0000
Processing by PostsController#index as HTML
  [1m[35mPost Load (0.8ms)[0m  SELECT "posts".* FROM "posts"
  Rendered posts/index.html.erb within layouts/application (19.8ms)
Completed 200 OK in 191ms (Views: 183.7ms | ActiveRecord: 2.0ms)


Started GET "/posts/new" for 127.0.0.1 at 2019-02-01 14:18:57 +0000
Processing by PostsController#new as HTML
  Rendered posts/new.html.erb within layouts/application (4.7ms)
Completed 200 OK in 147ms (Views: 140.9ms | ActiveRecord: 0.0ms)


Started POST "/posts" for 127.0.0.1 at 2019-02-01 14:19:00 +0000
Processing by PostsController#create as HTML
  Parameters: {"utf8"=>"✓", "authenticity_token"=>"eCGQry6GIfMvGW1isXt4FAh7a0ilC52rS+3lEtoCABcH+PZj4papmGrOZyuB5ikHjMf4LxPfYtgNNwBumdEk4A==", "title"=>"asdf", "description"=>"asdf"}
Completed 500 Internal Server Error in 37ms (ActiveRecord: 0.0ms)

NoMethodError (undefined method `[]' for nil:NilClass):
  app/controllers/posts_controller.rb:11:in `create'


  Rendered /Users/jake/.rvm/gems/ruby-2.5.3/gems/actionpack-4.2.10/lib/action_dispatch/middleware/templates/rescues/_source.erb (142.9ms)
  Rendered /Users/jake/.rvm/gems/ruby-2.5.3/gems/actionpack-4.2.10/lib/action_dispatch/middleware/templates/rescues/_trace.html.erb (36.3ms)
  Rendered /Users/jake/.rvm/gems/ruby-2.5.3/gems/actionpack-4.2.10/lib/action_dispatch/middleware/templates/rescues/_request_and_response.html.erb (3.8ms)
  Rendered /Users/jake/.rvm/gems/ruby-2.5.3/gems/actionpack-4.2.10/lib/action_dispatch/middleware/templates/rescues/diagnostics.html.erb within rescues/layout (297.4ms)


Started GET "/posts" for 127.0.0.1 at 2019-02-01 14:19:16 +0000
Processing by PostsController#index as HTML
  [1m[36mPost Load (0.6ms)[0m  [1mSELECT "posts".* FROM "posts"[0m
  Rendered posts/index.html.erb within layouts/application (9.8ms)
Completed 200 OK in 156ms (Views: 142.3ms | ActiveRecord: 1.1ms)


Started GET "/posts/new" for 127.0.0.1 at 2019-02-01 14:19:19 +0000
Processing by PostsController#new as HTML
  Rendered posts/new.html.erb within layouts/application (5.0ms)
Completed 200 OK in 143ms (Views: 135.5ms | ActiveRecord: 0.0ms)


Started GET "/posts/nw" for 127.0.0.1 at 2019-02-01 14:19:19 +0000

ActionController::RoutingError (No route matches [GET] "/posts/nw"):
  actionpack (4.2.10) lib/action_dispatch/middleware/debug_exceptions.rb:21:in `call'
  actionpack (4.2.10) lib/action_dispatch/middleware/show_exceptions.rb:30:in `call'
  railties (4.2.10) lib/rails/rack/logger.rb:38:in `call_app'
  railties (4.2.10) lib/rails/rack/logger.rb:20:in `block in call'
  activesupport (4.2.10) lib/active_support/tagged_logging.rb:68:in `block in tagged'
  activesupport (4.2.10) lib/active_support/tagged_logging.rb:26:in `tagged'
  activesupport (4.2.10) lib/active_support/tagged_logging.rb:68:in `tagged'
  railties (4.2.10) lib/rails/rack/logger.rb:20:in `call'
  actionpack (4.2.10) lib/action_dispatch/middleware/request_id.rb:21:in `call'
  rack (1.6.10) lib/rack/methodoverride.rb:22:in `call'
  rack (1.6.10) lib/rack/runtime.rb:18:in `call'
  activesupport (4.2.10) lib/active_support/cache/strategy/local_cache_middleware.rb:28:in `call'
  rack (1.6.10) lib/rack/lock.rb:17:in `call'
  actionpack (4.2.10) lib/action_dispatch/middleware/static.rb:120:in `call'
  rack (1.6.10) lib/rack/sendfile.rb:113:in `call'
  railties (4.2.10) lib/rails/engine.rb:518:in `call'
  railties (4.2.10) lib/rails/application.rb:165:in `call'
  rack (1.6.10) lib/rack/lock.rb:17:in `call'
  rack (1.6.10) lib/rack/content_length.rb:15:in `call'
  rack (1.6.10) lib/rack/handler/webrick.rb:88:in `service'
  /Users/jake/.rvm/rubies/ruby-2.5.3/lib/ruby/2.5.0/webrick/httpserver.rb:140:in `service'
  /Users/jake/.rvm/rubies/ruby-2.5.3/lib/ruby/2.5.0/webrick/httpserver.rb:96:in `run'
  /Users/jake/.rvm/rubies/ruby-2.5.3/lib/ruby/2.5.0/webrick/server.rb:307:in `block in start_thread'


  Rendered /Users/jake/.rvm/gems/ruby-2.5.3/gems/actionpack-4.2.10/lib/action_dispatch/middleware/templates/rescues/_trace.html.erb (17.4ms)
  Rendered /Users/jake/.rvm/gems/ruby-2.5.3/gems/actionpack-4.2.10/lib/action_dispatch/middleware/templates/routes/_route.html.erb (4.1ms)
  Rendered /Users/jake/.rvm/gems/ruby-2.5.3/gems/actionpack-4.2.10/lib/action_dispatch/middleware/templates/routes/_table.html.erb (10.9ms)
  Rendered /Users/jake/.rvm/gems/ruby-2.5.3/gems/actionpack-4.2.10/lib/action_dispatch/middleware/templates/rescues/_request_and_response.html.erb (5.6ms)
  Rendered /Users/jake/.rvm/gems/ruby-2.5.3/gems/actionpack-4.2.10/lib/action_dispatch/middleware/templates/rescues/routing_error.html.erb within rescues/layout (177.3ms)


Started POST "/posts" for 127.0.0.1 at 2019-02-01 14:19:27 +0000
Processing by PostsController#create as HTML
  Parameters: {"utf8"=>"✓", "authenticity_token"=>"DjUK525Nll7+slHJBm0CBUfGuw5ESfCIXFCWSwW+62px7Gwrol0eNbtlW4A28FMWw3ooafKdD/sainM3Rm3PnQ==", "title"=>"asdfa", "description"=>"asdfasdf\r\n"}
Completed 500 Internal Server Error in 280054ms (ActiveRecord: 0.0ms)

SystemExit (exit):
  app/controllers/posts_controller.rb:11:in `create'


  Rendered /Users/jake/.rvm/gems/ruby-2.5.3/gems/actionpack-4.2.10/lib/action_dispatch/middleware/templates/rescues/_source.erb (143.3ms)
  Rendered /Users/jake/.rvm/gems/ruby-2.5.3/gems/actionpack-4.2.10/lib/action_dispatch/middleware/templates/rescues/_trace.html.erb (36.4ms)
  Rendered /Users/jake/.rvm/gems/ruby-2.5.3/gems/actionpack-4.2.10/lib/action_dispatch/middleware/templates/rescues/_request_and_response.html.erb (4.1ms)
  Rendered /Users/jake/.rvm/gems/ruby-2.5.3/gems/actionpack-4.2.10/lib/action_dispatch/middleware/templates/rescues/diagnostics.html.erb within rescues/layout (282.2ms)


Started GET "/posts/new" for 127.0.0.1 at 2019-02-01 14:24:21 +0000
Processing by PostsController#new as HTML
  Rendered posts/new.html.erb within layouts/application (7.9ms)
Completed 200 OK in 126ms (Views: 122.2ms | ActiveRecord: 0.0ms)


Started POST "/posts" for 127.0.0.1 at 2019-02-01 14:24:32 +0000
Processing by PostsController#create as HTML
  Parameters: {"utf8"=>"✓", "authenticity_token"=>"7Emjznzla0dYhzYIixsO/fnH9IZY1fJhCzB4OZcBIhCTkMUCsPXjLB1QPEG7hl/ufXtn4e4BDRJN6p1F1NIG5w==", "post_title"=>"asdfas", "post_description"=>"asdfsf"}


Started POST "/posts" for 127.0.0.1 at 2019-02-01 14:26:50 +0000
  [1m[36mActiveRecord::SchemaMigration Load (0.1ms)[0m  [1mSELECT "schema_migrations".* FROM "schema_migrations"[0m
Processing by PostsController#create as HTML
  Parameters: {"utf8"=>"✓", "authenticity_token"=>"7Emjznzla0dYhzYIixsO/fnH9IZY1fJhCzB4OZcBIhCTkMUCsPXjLB1QPEG7hl/ufXtn4e4BDRJN6p1F1NIG5w==", "post_title"=>"asdf", "post_description"=>"asdfdfasdf"}
Completed 500 Internal Server Error in 8ms (ActiveRecord: 0.0ms)

NoMethodError (undefined method `[]' for nil:NilClass):
  app/controllers/posts_controller.rb:11:in `create'


  Rendered /Users/jake/.rvm/gems/ruby-2.5.3/gems/actionpack-4.2.10/lib/action_dispatch/middleware/templates/rescues/_source.erb (3.6ms)
  Rendered /Users/jake/.rvm/gems/ruby-2.5.3/gems/actionpack-4.2.10/lib/action_dispatch/middleware/templates/rescues/_trace.html.erb (2.1ms)
  Rendered /Users/jake/.rvm/gems/ruby-2.5.3/gems/actionpack-4.2.10/lib/action_dispatch/middleware/templates/rescues/_request_and_response.html.erb (1.0ms)
  Rendered /Users/jake/.rvm/gems/ruby-2.5.3/gems/actionpack-4.2.10/lib/action_dispatch/middleware/templates/rescues/diagnostics.html.erb within rescues/layout (96.0ms)


Started GET "/posts" for 127.0.0.1 at 2019-02-01 14:27:02 +0000
Processing by PostsController#index as HTML
  [1m[35mPost Load (0.3ms)[0m  SELECT "posts".* FROM "posts"
  Rendered posts/index.html.erb within layouts/application (1.9ms)
Completed 200 OK in 293ms (Views: 290.3ms | ActiveRecord: 0.4ms)


Started POST "/posts" for 127.0.0.1 at 2019-02-01 14:27:06 +0000
Processing by PostsController#create as HTML
  Parameters: {"utf8"=>"✓", "authenticity_token"=>"7Emjznzla0dYhzYIixsO/fnH9IZY1fJhCzB4OZcBIhCTkMUCsPXjLB1QPEG7hl/ufXtn4e4BDRJN6p1F1NIG5w==", "post_title"=>"asdf", "post_description"=>"asdfdfasdf"}
Completed 500 Internal Server Error in 80538ms (ActiveRecord: 0.0ms)

SystemExit (exit):
  app/controllers/posts_controller.rb:11:in `create'


  Rendered /Users/jake/.rvm/gems/ruby-2.5.3/gems/actionpack-4.2.10/lib/action_dispatch/middleware/templates/rescues/_source.erb (103.8ms)
  Rendered /Users/jake/.rvm/gems/ruby-2.5.3/gems/actionpack-4.2.10/lib/action_dispatch/middleware/templates/rescues/_trace.html.erb (47.4ms)
  Rendered /Users/jake/.rvm/gems/ruby-2.5.3/gems/actionpack-4.2.10/lib/action_dispatch/middleware/templates/rescues/_request_and_response.html.erb (3.7ms)
  Rendered /Users/jake/.rvm/gems/ruby-2.5.3/gems/actionpack-4.2.10/lib/action_dispatch/middleware/templates/rescues/diagnostics.html.erb within rescues/layout (273.1ms)


Started GET "/posts/new" for 127.0.0.1 at 2019-02-01 14:29:00 +0000
Processing by PostsController#new as HTML
  Rendered posts/new.html.erb within layouts/application (7.3ms)
Completed 200 OK in 146ms (Views: 137.5ms | ActiveRecord: 0.0ms)


Started POST "/posts" for 127.0.0.1 at 2019-02-01 14:29:05 +0000
Processing by PostsController#create as HTML
  Parameters: {"utf8"=>"✓", "authenticity_token"=>"7rNfRa7ctEZUcLmMed4FL7pfDDa+aXBDo4FHsnFDBJCRajmJYsw8LRGns8VJQ1Q8PuOfUQi9jzDlW6LOMpAgZw==", "title"=>"asdfasf", "description"=>"asdfasdf"}
Completed 500 Internal Server Error in 10775ms (ActiveRecord: 0.0ms)

SystemExit (exit):
  app/controllers/posts_controller.rb:11:in `create'


  Rendered /Users/jake/.rvm/gems/ruby-2.5.3/gems/actionpack-4.2.10/lib/action_dispatch/middleware/templates/rescues/_source.erb (139.2ms)
  Rendered /Users/jake/.rvm/gems/ruby-2.5.3/gems/actionpack-4.2.10/lib/action_dispatch/middleware/templates/rescues/_trace.html.erb (36.5ms)
  Rendered /Users/jake/.rvm/gems/ruby-2.5.3/gems/actionpack-4.2.10/lib/action_dispatch/middleware/templates/rescues/_request_and_response.html.erb (9.2ms)
  Rendered /Users/jake/.rvm/gems/ruby-2.5.3/gems/actionpack-4.2.10/lib/action_dispatch/middleware/templates/rescues/diagnostics.html.erb within rescues/layout (276.8ms)


Started GET "/posts/new" for 127.0.0.1 at 2019-02-01 14:29:45 +0000
Processing by PostsController#new as HTML
  Rendered posts/new.html.erb within layouts/application (5.0ms)
Completed 200 OK in 189ms (Views: 171.2ms | ActiveRecord: 0.0ms)


Started POST "/posts" for 127.0.0.1 at 2019-02-01 14:29:50 +0000
Processing by PostsController#create as HTML
  Parameters: {"utf8"=>"✓", "authenticity_token"=>"Gc0hI3wN4FQhIrR3dDFXe0XJMREZXUzRFMW42L0FArtmFEfvsB1oP2T1vj5ErAZowXWidq+Js6JSH12k/tYmTA==", "title"=>"asdfasdf", "description"=>"asdfasdf\r\n"}
Completed 500 Internal Server Error in 19069ms (ActiveRecord: 0.0ms)

SystemExit (exit):
  app/controllers/posts_controller.rb:11:in `create'


  Rendered /Users/jake/.rvm/gems/ruby-2.5.3/gems/actionpack-4.2.10/lib/action_dispatch/middleware/templates/rescues/_source.erb (166.7ms)
  Rendered /Users/jake/.rvm/gems/ruby-2.5.3/gems/actionpack-4.2.10/lib/action_dispatch/middleware/templates/rescues/_trace.html.erb (51.9ms)
  Rendered /Users/jake/.rvm/gems/ruby-2.5.3/gems/actionpack-4.2.10/lib/action_dispatch/middleware/templates/rescues/_request_and_response.html.erb (4.0ms)
  Rendered /Users/jake/.rvm/gems/ruby-2.5.3/gems/actionpack-4.2.10/lib/action_dispatch/middleware/templates/rescues/diagnostics.html.erb within rescues/layout (324.9ms)


Started POST "/posts" for 127.0.0.1 at 2019-02-01 14:30:10 +0000
Processing by PostsController#create as HTML
  Parameters: {"utf8"=>"✓", "authenticity_token"=>"Gc0hI3wN4FQhIrR3dDFXe0XJMREZXUzRFMW42L0FArtmFEfvsB1oP2T1vj5ErAZowXWidq+Js6JSH12k/tYmTA==", "title"=>"asdfasdf", "description"=>"asdfasdf\r\n"}
  [1m[36m (0.3ms)[0m  [1mbegin transaction[0m
  [1m[35mSQL (1.0ms)[0m  INSERT INTO "posts" ("title", "description", "created_at", "updated_at") VALUES (?, ?, ?, ?)  [["title", "asdfasdf"], ["description", "asdfasdf\r\n"], ["created_at", "2019-02-01 14:30:10.650841"], ["updated_at", "2019-02-01 14:30:10.650841"]]
  [1m[36m (1.5ms)[0m  [1mcommit transaction[0m
Completed 500 Internal Server Error in 369ms (ActiveRecord: 4.5ms)

NameError (undefined local variable or method `posts' for #<PostsController:0x00007fe8a63277b0>
Did you mean?  posts_url):
  app/controllers/posts_controller.rb:12:in `create'


  Rendered /Users/jake/.rvm/gems/ruby-2.5.3/gems/actionpack-4.2.10/lib/action_dispatch/middleware/templates/rescues/_source.erb (120.3ms)
  Rendered /Users/jake/.rvm/gems/ruby-2.5.3/gems/actionpack-4.2.10/lib/action_dispatch/middleware/templates/rescues/_trace.html.erb (44.7ms)
  Rendered /Users/jake/.rvm/gems/ruby-2.5.3/gems/actionpack-4.2.10/lib/action_dispatch/middleware/templates/rescues/_request_and_response.html.erb (4.5ms)
  Rendered /Users/jake/.rvm/gems/ruby-2.5.3/gems/actionpack-4.2.10/lib/action_dispatch/middleware/templates/rescues/diagnostics.html.erb within rescues/layout (288.2ms)


Started POST "/posts" for 127.0.0.1 at 2019-02-01 14:30:16 +0000
Processing by PostsController#create as HTML
  Parameters: {"utf8"=>"✓", "authenticity_token"=>"Gc0hI3wN4FQhIrR3dDFXe0XJMREZXUzRFMW42L0FArtmFEfvsB1oP2T1vj5ErAZowXWidq+Js6JSH12k/tYmTA==", "title"=>"asdfasdf", "description"=>"asdfasdf\r\n"}
  [1m[35m (0.4ms)[0m  begin transaction
  [1m[36mSQL (2.0ms)[0m  [1mINSERT INTO "posts" ("title", "description", "created_at", "updated_at") VALUES (?, ?, ?, ?)[0m  [["title", "asdfasdf"], ["description", "asdfasdf\r\n"], ["created_at", "2019-02-01 14:30:17.004121"], ["updated_at", "2019-02-01 14:30:17.004121"]]
  [1m[35m (9.6ms)[0m  commit transaction
Completed 500 Internal Server Error in 340ms (ActiveRecord: 12.0ms)

NameError (undefined local variable or method `posts' for #<PostsController:0x00007fe8a6426b20>
Did you mean?  posts_url):
  app/controllers/posts_controller.rb:12:in `create'


  Rendered /Users/jake/.rvm/gems/ruby-2.5.3/gems/actionpack-4.2.10/lib/action_dispatch/middleware/templates/rescues/_source.erb (124.2ms)
  Rendered /Users/jake/.rvm/gems/ruby-2.5.3/gems/actionpack-4.2.10/lib/action_dispatch/middleware/templates/rescues/_trace.html.erb (37.5ms)
  Rendered /Users/jake/.rvm/gems/ruby-2.5.3/gems/actionpack-4.2.10/lib/action_dispatch/middleware/templates/rescues/_request_and_response.html.erb (5.2ms)
  Rendered /Users/jake/.rvm/gems/ruby-2.5.3/gems/actionpack-4.2.10/lib/action_dispatch/middleware/templates/rescues/diagnostics.html.erb within rescues/layout (272.0ms)


Started GET "/posts/new" for 127.0.0.1 at 2019-02-01 14:34:13 +0000
  [1m[36mActiveRecord::SchemaMigration Load (0.1ms)[0m  [1mSELECT "schema_migrations".* FROM "schema_migrations"[0m
Processing by PostsController#new as HTML
  Rendered posts/new.html.erb within layouts/application (2.8ms)
Completed 200 OK in 240ms (Views: 233.6ms | ActiveRecord: 0.0ms)


Started POST "/posts" for 127.0.0.1 at 2019-02-01 14:34:19 +0000
Processing by PostsController#create as HTML
  Parameters: {"utf8"=>"✓", "authenticity_token"=>"Ca7r9ImET+fdWMMmGPE08XtPJixK6D5Tb01cJlR4lZl2d404RZTHjJiPyW8obGXi//O1S/w8wSApl7laF6uxbg==", "post"=>{"title"=>"asdfasdfa", "description"=>"sdfadsfasdfasdfas"}}
Completed 500 Internal Server Error in 31280ms (ActiveRecord: 0.0ms)

SystemExit (exit):
  app/controllers/posts_controller.rb:11:in `create'


  Rendered /Users/jake/.rvm/gems/ruby-2.5.3/gems/actionpack-4.2.10/lib/action_dispatch/middleware/templates/rescues/_source.erb (117.6ms)
  Rendered /Users/jake/.rvm/gems/ruby-2.5.3/gems/actionpack-4.2.10/lib/action_dispatch/middleware/templates/rescues/_trace.html.erb (28.8ms)
  Rendered /Users/jake/.rvm/gems/ruby-2.5.3/gems/actionpack-4.2.10/lib/action_dispatch/middleware/templates/rescues/_request_and_response.html.erb (2.6ms)
  Rendered /Users/jake/.rvm/gems/ruby-2.5.3/gems/actionpack-4.2.10/lib/action_dispatch/middleware/templates/rescues/diagnostics.html.erb within rescues/layout (259.2ms)


Started POST "/posts" for 127.0.0.1 at 2019-02-01 14:35:36 +0000
Processing by PostsController#create as HTML
  Parameters: {"utf8"=>"✓", "authenticity_token"=>"Ca7r9ImET+fdWMMmGPE08XtPJixK6D5Tb01cJlR4lZl2d404RZTHjJiPyW8obGXi//O1S/w8wSApl7laF6uxbg==", "post"=>{"title"=>"asdfasdfa", "description"=>"sdfadsfasdfasdfas"}}
Completed 500 Internal Server Error in 9522ms (ActiveRecord: 0.0ms)

SystemExit (exit):
  app/controllers/posts_controller.rb:11:in `create'


  Rendered /Users/jake/.rvm/gems/ruby-2.5.3/gems/actionpack-4.2.10/lib/action_dispatch/middleware/templates/rescues/_source.erb (157.3ms)
  Rendered /Users/jake/.rvm/gems/ruby-2.5.3/gems/actionpack-4.2.10/lib/action_dispatch/middleware/templates/rescues/_trace.html.erb (36.4ms)
  Rendered /Users/jake/.rvm/gems/ruby-2.5.3/gems/actionpack-4.2.10/lib/action_dispatch/middleware/templates/rescues/_request_and_response.html.erb (4.5ms)
  Rendered /Users/jake/.rvm/gems/ruby-2.5.3/gems/actionpack-4.2.10/lib/action_dispatch/middleware/templates/rescues/diagnostics.html.erb within rescues/layout (321.4ms)


Started POST "/posts" for 127.0.0.1 at 2019-02-01 14:35:51 +0000
Processing by PostsController#create as HTML
  Parameters: {"utf8"=>"✓", "authenticity_token"=>"Ca7r9ImET+fdWMMmGPE08XtPJixK6D5Tb01cJlR4lZl2d404RZTHjJiPyW8obGXi//O1S/w8wSApl7laF6uxbg==", "post"=>{"title"=>"asdfasdfa", "description"=>"sdfadsfasdfasdfas"}}
  [1m[35m (0.3ms)[0m  begin transaction
  [1m[36mSQL (0.9ms)[0m  [1mINSERT INTO "posts" ("title", "description", "created_at", "updated_at") VALUES (?, ?, ?, ?)[0m  [["title", "asdfasdfa"], ["description", "sdfadsfasdfasdfas"], ["created_at", "2019-02-01 14:35:51.840079"], ["updated_at", "2019-02-01 14:35:51.840079"]]
  [1m[35m (3.3ms)[0m  commit transaction
Redirected to 
Completed 500 Internal Server Error in 81ms (ActiveRecord: 6.6ms)

ActionController::ActionControllerError (Cannot redirect to nil!):
  app/controllers/posts_controller.rb:12:in `create'


  Rendered /Users/jake/.rvm/gems/ruby-2.5.3/gems/actionpack-4.2.10/lib/action_dispatch/middleware/templates/rescues/_source.erb (131.3ms)
  Rendered /Users/jake/.rvm/gems/ruby-2.5.3/gems/actionpack-4.2.10/lib/action_dispatch/middleware/templates/rescues/_trace.html.erb (34.1ms)
  Rendered /Users/jake/.rvm/gems/ruby-2.5.3/gems/actionpack-4.2.10/lib/action_dispatch/middleware/templates/rescues/_request_and_response.html.erb (8.3ms)
  Rendered /Users/jake/.rvm/gems/ruby-2.5.3/gems/actionpack-4.2.10/lib/action_dispatch/middleware/templates/rescues/diagnostics.html.erb within rescues/layout (274.2ms)


Started GET "/posts/new" for 127.0.0.1 at 2019-02-01 14:36:52 +0000
Processing by PostsController#new as HTML
  Rendered posts/new.html.erb within layouts/application (3.7ms)
Completed 200 OK in 127ms (Views: 123.7ms | ActiveRecord: 0.0ms)


Started POST "/posts" for 127.0.0.1 at 2019-02-01 14:36:56 +0000
Processing by PostsController#create as HTML
  Parameters: {"utf8"=>"✓", "authenticity_token"=>"QhDELlNiUVddbhkYNzBUw4QzYQDRKOMJdMyZfpMKffU9yaLin3LZPBi5E1EHrQXQAI/yZ2f8HHoyFnwC0NlZAg==", "post"=>{"title"=>"asdfasdf", "description"=>"sDFASDFASDFASDF"}}
  [1m[36mPost Load (0.9ms)[0m  [1mSELECT  "posts".* FROM "posts" WHERE "posts"."id" = ? LIMIT 1[0m  [["id", nil]]
Completed 404 Not Found in 45ms (ActiveRecord: 3.0ms)

ActiveRecord::RecordNotFound (Couldn't find Post with 'id'=):
  app/controllers/posts_controller.rb:10:in `create'


  Rendered /Users/jake/.rvm/gems/ruby-2.5.3/gems/actionpack-4.2.10/lib/action_dispatch/middleware/templates/rescues/_source.erb (126.2ms)
  Rendered /Users/jake/.rvm/gems/ruby-2.5.3/gems/actionpack-4.2.10/lib/action_dispatch/middleware/templates/rescues/_trace.html.erb (33.7ms)
  Rendered /Users/jake/.rvm/gems/ruby-2.5.3/gems/actionpack-4.2.10/lib/action_dispatch/middleware/templates/rescues/_request_and_response.html.erb (4.2ms)
  Rendered /Users/jake/.rvm/gems/ruby-2.5.3/gems/actionpack-4.2.10/lib/action_dispatch/middleware/templates/rescues/diagnostics.html.erb within rescues/layout (264.2ms)


Started GET "/posts" for 127.0.0.1 at 2019-02-01 15:44:06 +0000
Processing by PostsController#index as HTML
  [1m[35mPost Load (1.0ms)[0m  SELECT "posts".* FROM "posts"
  Rendered posts/index.html.erb within layouts/application (38.5ms)
Completed 200 OK in 188ms (Views: 175.9ms | ActiveRecord: 3.0ms)


Started GET "/posts" for 127.0.0.1 at 2019-02-01 15:44:10 +0000
Processing by PostsController#index as HTML
  [1m[36mPost Load (0.5ms)[0m  [1mSELECT "posts".* FROM "posts"[0m
  Rendered posts/index.html.erb within layouts/application (6.4ms)
Completed 200 OK in 164ms (Views: 157.1ms | ActiveRecord: 0.5ms)


Started GET "/posts" for 127.0.0.1 at 2019-02-01 15:44:11 +0000
Processing by PostsController#index as HTML
  [1m[35mPost Load (0.9ms)[0m  SELECT "posts".* FROM "posts"
  Rendered posts/index.html.erb within layouts/application (6.6ms)
Completed 200 OK in 144ms (Views: 138.7ms | ActiveRecord: 0.9ms)


Started GET "/posts" for 127.0.0.1 at 2019-02-01 15:44:11 +0000
Processing by PostsController#index as HTML
  [1m[36mPost Load (0.7ms)[0m  [1mSELECT "posts".* FROM "posts"[0m
  Rendered posts/index.html.erb within layouts/application (9.7ms)
Completed 200 OK in 156ms (Views: 150.5ms | ActiveRecord: 0.7ms)


Started GET "/posts/new" for 127.0.0.1 at 2019-02-01 15:44:15 +0000
Processing by PostsController#new as HTML
  Rendered posts/new.html.erb within layouts/application (6.3ms)
Completed 200 OK in 170ms (Views: 160.3ms | ActiveRecord: 0.0ms)


Started POST "/posts" for 127.0.0.1 at 2019-02-01 15:44:20 +0000
Processing by PostsController#create as HTML
  Parameters: {"utf8"=>"✓", "authenticity_token"=>"hEurvTwhHLCBKXGAQ+34yJZKEfi66+DIKDYRMOTqfzr7ks1x8DGU28T+e8lzcKnbEvaCnww/H7tu7PRMpzlbzQ==", "post"=>{"title"=>"asdfadfsdfa", "description"=>"sadfasdfasfasdfasdf"}}
  [1m[35m (0.4ms)[0m  begin transaction
  [1m[36mSQL (2.8ms)[0m  [1mINSERT INTO "posts" ("title", "description", "created_at", "updated_at") VALUES (?, ?, ?, ?)[0m  [["title", "asdfadfsdfa"], ["description", "sadfasdfasfasdfasdf"], ["created_at", "2019-02-01 15:44:20.103573"], ["updated_at", "2019-02-01 15:44:20.103573"]]
  [1m[35m (2.6ms)[0m  commit transaction
Redirected to http://localhost:3000/posts
Completed 302 Found in 74ms (ActiveRecord: 5.7ms)


Started GET "/posts" for 127.0.0.1 at 2019-02-01 15:44:20 +0000
Processing by PostsController#index as HTML
  [1m[36mPost Load (0.5ms)[0m  [1mSELECT "posts".* FROM "posts"[0m
  Rendered posts/index.html.erb within layouts/application (15.4ms)
Completed 200 OK in 144ms (Views: 140.4ms | ActiveRecord: 0.5ms)
